GROUP,PACKAGE,CLASS,INSTRUCTION_MISSED,INSTRUCTION_COVERED,BRANCH_MISSED,BRANCH_COVERED,LINE_MISSED,LINE_COVERED,COMPLEXITY_MISSED,COMPLEXITY_COVERED,METHOD_MISSED,METHOD_COVERED
project,edu.odu.cs.cs350.pne,Department,928,57,56,4,185,10,38,3,10,1
project,edu.odu.cs.cs350.pne,Offering,7,53,0,0,3,21,2,8,2,8
project,edu.odu.cs.cs350.pne,Snapshot,26,36,4,0,4,14,3,6,1,6
project,edu.odu.cs.cs350.pne,Enrollment,0,62,0,0,0,26,0,9,0,9
project,edu.odu.cs.cs350.pne,Section,48,59,6,2,8,18,5,8,2,7
project,edu.odu.cs.cs350.pne,Semester,10,61,0,0,2,21,2,8,2,8
project,edu.odu.cs.cs350.pne,Course,39,56,4,0,6,20,5,9,3,9
